0 info it worked if it ends with ok
1 verbose cli [ 'node',
1 verbose cli   '/Users/leo/.nvm/v0.10.24/bin/npm',
1 verbose cli   'install',
1 verbose cli   'mongorestore' ]
2 info using npm@3.3.12
3 info using node@v0.10.24
4 silly loadCurrentTree Starting
5 silly install loadCurrentTree
6 silly install readLocalPackageData
7 silly fetchPackageMetaData mongorestore
8 silly fetchNamedPackageData mongorestore
9 silly mapToRegistry name mongorestore
10 silly mapToRegistry using default registry
11 silly mapToRegistry registry https://registry.npmjs.org/
12 silly mapToRegistry uri https://registry.npmjs.org/mongorestore
13 verbose request uri https://registry.npmjs.org/mongorestore
14 verbose request no auth needed
15 info attempt registry request try #1 at 14:34:56
16 verbose request id a3d5781f68d11553
17 http request GET https://registry.npmjs.org/mongorestore
18 http 404 https://registry.npmjs.org/mongorestore
19 verbose headers { 'content-type': 'application/json',
19 verbose headers   'cache-control': 'max-age=0',
19 verbose headers   'content-length': '2',
19 verbose headers   'accept-ranges': 'bytes',
19 verbose headers   date: 'Sun, 15 Nov 2015 22:34:57 GMT',
19 verbose headers   via: '1.1 varnish',
19 verbose headers   age: '0',
19 verbose headers   connection: 'keep-alive',
19 verbose headers   'x-served-by': 'cache-sjc3120-SJC',
19 verbose headers   'x-cache': 'MISS',
19 verbose headers   'x-cache-hits': '0',
19 verbose headers   'x-timer': 'S1447626897.353593,VS0,VE43' }
20 silly get cb [ 404,
20 silly get   { 'content-type': 'application/json',
20 silly get     'cache-control': 'max-age=0',
20 silly get     'content-length': '2',
20 silly get     'accept-ranges': 'bytes',
20 silly get     date: 'Sun, 15 Nov 2015 22:34:57 GMT',
20 silly get     via: '1.1 varnish',
20 silly get     age: '0',
20 silly get     connection: 'keep-alive',
20 silly get     'x-served-by': 'cache-sjc3120-SJC',
20 silly get     'x-cache': 'MISS',
20 silly get     'x-cache-hits': '0',
20 silly get     'x-timer': 'S1447626897.353593,VS0,VE43' } ]
21 silly fetchPackageMetaData Error: Registry returned 404 for GET on https://registry.npmjs.org/mongorestore
21 silly fetchPackageMetaData     at makeError (/Users/leo/.nvm/v0.10.24/lib/node_modules/npm/node_modules/npm-registry-client/lib/request.js:264:12)
21 silly fetchPackageMetaData     at CachingRegistryClient.<anonymous> (/Users/leo/.nvm/v0.10.24/lib/node_modules/npm/node_modules/npm-registry-client/lib/request.js:242:14)
21 silly fetchPackageMetaData     at Request._callback (/Users/leo/.nvm/v0.10.24/lib/node_modules/npm/node_modules/npm-registry-client/lib/request.js:172:14)
21 silly fetchPackageMetaData     at Request.self.callback (/Users/leo/.nvm/v0.10.24/lib/node_modules/npm/node_modules/request/request.js:198:22)
21 silly fetchPackageMetaData     at Request.EventEmitter.emit (events.js:98:17)
21 silly fetchPackageMetaData     at Request.<anonymous> (/Users/leo/.nvm/v0.10.24/lib/node_modules/npm/node_modules/request/request.js:1082:10)
21 silly fetchPackageMetaData     at Request.EventEmitter.emit (events.js:117:20)
21 silly fetchPackageMetaData     at IncomingMessage.<anonymous> (/Users/leo/.nvm/v0.10.24/lib/node_modules/npm/node_modules/request/request.js:1009:12)
21 silly fetchPackageMetaData     at IncomingMessage.EventEmitter.emit (events.js:117:20)
21 silly fetchPackageMetaData     at _stream_readable.js:920:16
21 silly fetchPackageMetaData  error for mongorestore { [Error: Registry returned 404 for GET on https://registry.npmjs.org/mongorestore] pkgid: 'mongorestore', statusCode: 404, code: 'E404' }
22 silly rollbackFailedOptional Starting
23 silly rollbackFailedOptional Finishing
24 silly runTopLevelLifecycles Starting
25 silly runTopLevelLifecycles Finishing
26 silly install printInstalled
27 verbose stack Error: Registry returned 404 for GET on https://registry.npmjs.org/mongorestore
27 verbose stack     at makeError (/Users/leo/.nvm/v0.10.24/lib/node_modules/npm/node_modules/npm-registry-client/lib/request.js:264:12)
27 verbose stack     at CachingRegistryClient.<anonymous> (/Users/leo/.nvm/v0.10.24/lib/node_modules/npm/node_modules/npm-registry-client/lib/request.js:242:14)
27 verbose stack     at Request._callback (/Users/leo/.nvm/v0.10.24/lib/node_modules/npm/node_modules/npm-registry-client/lib/request.js:172:14)
27 verbose stack     at Request.self.callback (/Users/leo/.nvm/v0.10.24/lib/node_modules/npm/node_modules/request/request.js:198:22)
27 verbose stack     at Request.EventEmitter.emit (events.js:98:17)
27 verbose stack     at Request.<anonymous> (/Users/leo/.nvm/v0.10.24/lib/node_modules/npm/node_modules/request/request.js:1082:10)
27 verbose stack     at Request.EventEmitter.emit (events.js:117:20)
27 verbose stack     at IncomingMessage.<anonymous> (/Users/leo/.nvm/v0.10.24/lib/node_modules/npm/node_modules/request/request.js:1009:12)
27 verbose stack     at IncomingMessage.EventEmitter.emit (events.js:117:20)
27 verbose stack     at _stream_readable.js:920:16
28 verbose statusCode 404
29 verbose pkgid mongorestore
30 verbose cwd /Users/leo/site/App
31 error Darwin 14.5.0
32 error argv "node" "/Users/leo/.nvm/v0.10.24/bin/npm" "install" "mongorestore"
33 error node v0.10.24
34 error npm  v3.3.12
35 error code E404
36 error 404 Registry returned 404 for GET on https://registry.npmjs.org/mongorestore
36 error 404
36 error 404 'mongorestore' is not in the npm registry.
36 error 404 You should bug the author to publish it (or use the name yourself!)
36 error 404
36 error 404 Note that you can also install from a
36 error 404 tarball, folder, http url, or git url.
37 verbose exit [ 1, true ]
